L 09/02/2021 - 11:48:09: SourceMod error session started
L 09/02/2021 - 11:48:09: Info (map "vsh_reservoir_v2") (file "/home/steam/steamcmd/tf2/tf/addons/sourcemod/logs/errors_20210902.log")
L 09/02/2021 - 11:48:09: [vsh2.smx] ConfigMap Err (addons/sourcemod/configs/saxton_hale/vsh2.cfg) :: **** Stream failed to open ****
L 09/02/2021 - 11:48:09: [vsh2.smx] [VSH 2] ERROR :: **** couldn't find 'configs/saxton_hale/vsh2.cfg' ****
L 09/02/2021 - 11:48:09: [vsh2.smx] [VSH 2] ERROR: **** Unable to find VSH/FF2 Compatible Map Configs, Disabling VSH 2 ****
L 09/02/2021 - 11:50:22: Error log file session closed.
L 09/02/2021 - 11:57:46: SourceMod error session started
L 09/02/2021 - 11:57:46: Info (map "vsh_reservoir_v2") (file "/home/steam/steamcmd/tf2/tf/addons/sourcemod/logs/errors_20210902.log")
L 09/02/2021 - 11:57:46: [vsh2.smx] ConfigMap Err (addons/sourcemod/configs/saxton_hale/vsh2.cfg) :: **** Stream failed to open ****
L 09/02/2021 - 11:57:46: [vsh2.smx] [VSH 2] ERROR :: **** couldn't find 'configs/saxton_hale/vsh2.cfg' ****
L 09/02/2021 - 11:57:46: [vsh2.smx] [VSH 2] ERROR: **** Unable to find VSH/FF2 Compatible Map Configs, Disabling VSH 2 ****
L 09/02/2021 - 11:59:33: Error log file session closed.
L 09/02/2021 - 12:00:09: SourceMod error session started
L 09/02/2021 - 12:00:09: Info (map "vsh_reservoir_v2") (file "/home/steam/steamcmd/tf2/tf/addons/sourcemod/logs/errors_20210902.log")
L 09/02/2021 - 12:00:09: [vsh2.smx] ConfigMap Err (addons/sourcemod/configs/saxton_hale/vsh2.cfg) :: **** Stream failed to open ****
L 09/02/2021 - 12:00:09: [vsh2.smx] [VSH 2] ERROR :: **** couldn't find 'configs/saxton_hale/vsh2.cfg' ****
L 09/02/2021 - 12:00:09: [vsh2.smx] [VSH 2] ERROR: **** Unable to find VSH/FF2 Compatible Map Configs, Disabling VSH 2 ****
L 09/02/2021 - 12:02:48: Error log file session closed.
L 09/02/2021 - 12:10:50: SourceMod error session started
L 09/02/2021 - 12:10:50: Info (map "vsh_reservoir_v2") (file "/home/steam/steamcmd/tf2/tf/addons/sourcemod/logs/errors_20210902.log")
L 09/02/2021 - 12:10:50: [vsh2.smx] ConfigMap Err (addons/sourcemod/configs/saxton_hale/vsh2.cfg) :: **** Stream failed to open ****
L 09/02/2021 - 12:10:50: [vsh2.smx] [VSH 2] ERROR :: **** couldn't find 'configs/saxton_hale/vsh2.cfg' ****
L 09/02/2021 - 12:10:50: [vsh2.smx] [VSH 2] ERROR: **** Unable to find VSH/FF2 Compatible Map Configs, Disabling VSH 2 ****
L 09/02/2021 - 12:12:00: Error log file session closed.
L 09/02/2021 - 12:13:53: SourceMod error session started
L 09/02/2021 - 12:13:53: Info (map "vsh_reservoir_v2") (file "/home/steam/steamcmd/tf2/tf/addons/sourcemod/logs/errors_20210902.log")
L 09/02/2021 - 12:13:53: [vsh2.smx] ConfigMap Err (addons/sourcemod/configs/saxton_hale/vsh2.cfg) :: **** Stream failed to open ****
L 09/02/2021 - 12:13:53: [vsh2.smx] [VSH 2] ERROR :: **** couldn't find 'configs/saxton_hale/vsh2.cfg' ****
L 09/02/2021 - 12:13:53: [vsh2.smx] [VSH 2] ERROR: **** Unable to find VSH/FF2 Compatible Map Configs, Disabling VSH 2 ****
L 09/02/2021 - 12:15:11: Error log file session closed.
L 09/02/2021 - 12:15:41: SourceMod error session started
L 09/02/2021 - 12:15:41: Info (map "vsh_reservoir_v2") (file "/home/steam/steamcmd/tf2/tf/addons/sourcemod/logs/errors_20210902.log")
L 09/02/2021 - 12:15:41: [vsh2.smx] ConfigMap Err (addons/sourcemod/configs/saxton_hale/vsh2.cfg) :: **** Stream failed to open ****
L 09/02/2021 - 12:15:41: [vsh2.smx] [VSH 2] ERROR :: **** couldn't find 'configs/saxton_hale/vsh2.cfg' ****
L 09/02/2021 - 12:15:41: [vsh2.smx] [VSH 2] ERROR: **** Unable to find VSH/FF2 Compatible Map Configs, Disabling VSH 2 ****
L 09/02/2021 - 12:16:57: Error log file session closed.
L 09/02/2021 - 12:18:13: SourceMod error session started
L 09/02/2021 - 12:18:13: Info (map "vsh_reservoir_v2") (file "/home/steam/steamcmd/tf2/tf/addons/sourcemod/logs/errors_20210902.log")
L 09/02/2021 - 12:18:13: [vsh2.smx] ConfigMap Err (addons/sourcemod/configs/saxton_hale/vsh2.cfg) :: **** Stream failed to open ****
L 09/02/2021 - 12:18:13: [vsh2.smx] [VSH 2] ERROR :: **** couldn't find 'configs/saxton_hale/vsh2.cfg' ****
L 09/02/2021 - 12:18:13: [vsh2.smx] [VSH 2] ERROR: **** Unable to find VSH/FF2 Compatible Map Configs, Disabling VSH 2 ****
L 09/02/2021 - 12:32:28: Error log file session closed.
L 09/02/2021 - 12:36:35: SourceMod error session started
L 09/02/2021 - 12:36:35: Info (map "vsh_reservoir_v2") (file "/home/steam/steamcmd/tf2/tf/addons/sourcemod/logs/errors_20210902.log")
L 09/02/2021 - 12:36:35: [vsh2.smx] ConfigMap Err (addons/sourcemod/configs/saxton_hale/vsh2.cfg) :: **** Stream failed to open ****
L 09/02/2021 - 12:36:35: [vsh2.smx] [VSH 2] ERROR :: **** couldn't find 'configs/saxton_hale/vsh2.cfg' ****
L 09/02/2021 - 12:36:35: [vsh2.smx] [VSH 2] ERROR: **** Unable to find VSH/FF2 Compatible Map Configs, Disabling VSH 2 ****
L 09/02/2021 - 12:37:32: Error log file session closed.
L 09/02/2021 - 12:37:44: SourceMod error session started
L 09/02/2021 - 12:37:44: Info (map "vsh_reservoir_v2") (file "/home/steam/steamcmd/tf2/tf/addons/sourcemod/logs/errors_20210902.log")
L 09/02/2021 - 12:37:44: [vsh2.smx] ConfigMap Err (addons/sourcemod/configs/saxton_hale/vsh2.cfg) :: **** Stream failed to open ****
L 09/02/2021 - 12:37:44: [vsh2.smx] [VSH 2] ERROR :: **** couldn't find 'configs/saxton_hale/vsh2.cfg' ****
L 09/02/2021 - 12:37:44: [vsh2.smx] [VSH 2] ERROR: **** Unable to find VSH/FF2 Compatible Map Configs, Disabling VSH 2 ****
L 09/02/2021 - 12:40:31: Error log file session closed.
L 09/02/2021 - 12:40:42: SourceMod error session started
L 09/02/2021 - 12:40:42: Info (map "vsh_reservoir_v2") (file "/home/steam/steamcmd/tf2/tf/addons/sourcemod/logs/errors_20210902.log")
L 09/02/2021 - 12:40:42: [vsh2.smx] ConfigMap Err (addons/sourcemod/configs/saxton_hale/vsh2.cfg) :: **** Stream failed to open ****
L 09/02/2021 - 12:40:42: [vsh2.smx] [VSH 2] ERROR :: **** couldn't find 'configs/saxton_hale/vsh2.cfg' ****
L 09/02/2021 - 12:40:42: [vsh2.smx] [VSH 2] ERROR: **** Unable to find VSH/FF2 Compatible Map Configs, Disabling VSH 2 ****
L 09/02/2021 - 12:43:02: Error log file session closed.
