L 09/01/2021 - 23:26:19: SourceMod error session started
L 09/01/2021 - 23:26:19: Info (map "vsh_reservoir_v2") (file "/home/steam/steamcmd/tf2/tf/addons/sourcemod/logs/errors_20210901.log")
L 09/01/2021 - 23:26:19: [SM] Unable to load plugin "vsh2_addon_trans_weps.smx": Required extension "TF2Items" file("tf2items.ext.2.ep2v") not running
L 09/01/2021 - 23:26:19: [SM] Unable to load plugin "vsh2_addon_gunshot_bride.smx": Required extension "TF2Items" file("tf2items.ext.2.ep2v") not running
L 09/01/2021 - 23:26:19: [SM] Unable to load plugin "vsh2_addon_difficulty_settings.smx": Required extension "TF2Items" file("tf2items.ext.2.ep2v") not running
L 09/01/2021 - 23:26:19: [SM] Unable to load plugin "vsh2_addon_extra_boss_themes.smx": Required extension "TF2Items" file("tf2items.ext.2.ep2v") not running
L 09/01/2021 - 23:26:19: [SM] Unable to load plugin "vsh2_addon_noboss.smx": Required extension "TF2Items" file("tf2items.ext.2.ep2v") not running
L 09/01/2021 - 23:26:19: [SM] Unable to load plugin "vsh2.smx": Required extension "TF2Items" file("tf2items.ext.2.ep2v") not running
L 09/01/2021 - 23:26:19: [SM] Unable to load plugin "vsh2_addon_dmgtracker.smx": Required extension "TF2Items" file("tf2items.ext.2.ep2v") not running
L 09/01/2021 - 23:28:02: Error log file session closed.
L 09/01/2021 - 23:31:57: SourceMod error session started
L 09/01/2021 - 23:31:57: Info (map "vsh_reservoir_v2") (file "/home/steam/steamcmd/tf2/tf/addons/sourcemod/logs/errors_20210901.log")
L 09/01/2021 - 23:31:57: [vsh2.smx] ConfigMap Err (addons/sourcemod/configs/saxton_hale/vsh2.cfg) :: **** Stream failed to open ****
L 09/01/2021 - 23:31:57: [vsh2.smx] [VSH 2] ERROR :: **** couldn't find 'configs/saxton_hale/vsh2.cfg' ****
L 09/01/2021 - 23:31:57: [vsh2.smx] [VSH 2] ERROR: **** Unable to find VSH/FF2 Compatible Map Configs, Disabling VSH 2 ****
L 09/01/2021 - 23:41:58: Error log file session closed.
L 09/01/2021 - 23:43:08: SourceMod error session started
L 09/01/2021 - 23:43:08: Info (map "vsh_reservoir_v2") (file "/home/steam/steamcmd/tf2/tf/addons/sourcemod/logs/errors_20210901.log")
L 09/01/2021 - 23:43:08: [vsh2.smx] ConfigMap Err (addons/sourcemod/configs/saxton_hale/vsh2.cfg) :: **** Stream failed to open ****
L 09/01/2021 - 23:43:08: [vsh2.smx] [VSH 2] ERROR :: **** couldn't find 'configs/saxton_hale/vsh2.cfg' ****
L 09/01/2021 - 23:43:08: [vsh2.smx] [VSH 2] ERROR: **** Unable to find VSH/FF2 Compatible Map Configs, Disabling VSH 2 ****
L 09/02/2021 - 00:08:10: Error log file session closed.
